


2025-03-09 13:05:22
================ Hyperparameters ===============
anormly_ratio: 1.0
batch_size: 256
d_model: 256
data_path: NIPS_TS_Water
dataset: NIPS_TS_Water
devices: 0,1,2,3
e_layers: 3
gpu: 0
index: 137
input_c: 9
k: 3
loss_fuc: MSE
lr: 0.0001
mode: train
model_save_path: checkpoints
n_heads: 1
num_epochs: 3
output_c: 9
patch_size: [1, 3, 5]
rec_timeseries: True
use_gpu: True
use_multi_gpu: False
win_size: 90
====================  Train  ===================



2025-03-09 14:24:37
================ Hyperparameters ===============
anormly_ratio: 1.0
batch_size: 256
d_model: 256
data_path: NIPS_TS_Water
dataset: NIPS_TS_Water
devices: 0,1,2,3
e_layers: 3
gpu: 0
index: 137
input_c: 9
k: 3
loss_fuc: MSE
lr: 0.0001
mode: train
model_save_path: checkpoints
n_heads: 1
num_epochs: 3
output_c: 9
patch_size: [1, 3, 5]
rec_timeseries: True
use_gpu: True
use_multi_gpu: False
win_size: 90
====================  Train  ===================
test: (69261, 9)
train: (69260, 9)
test: (69261, 9)
train: (69260, 9)
test: (69261, 9)
train: (69260, 9)
test: (69261, 9)
train: (69260, 9)
	speed: 0.1196s/iter; left time: 85.0455s
	speed: 0.1117s/iter; left time: 68.2688s
Epoch: 1, Cost time: 44.261s 
	speed: 0.3253s/iter; left time: 143.4746s
	speed: 0.1119s/iter; left time: 38.1499s
Epoch: 2, Cost time: 43.595s 
	speed: 0.3250s/iter; left time: 55.5783s
	speed: 0.1120s/iter; left time: 7.9485s
Epoch: 3, Cost time: 43.578s 
test: (69261, 9)
train: (69260, 9)
test: (69261, 9)
train: (69260, 9)
test: (69261, 9)
train: (69260, 9)
test: (69261, 9)
train: (69260, 9)
Threshold : 0.9481493020057643
pa_accuracy           : 0.9863
pa_precision          : 0.4037
pa_recall             : 0.6288
pa_f_score            : 0.4917
MCC_score             : 0.4974
Affiliation precision : 0.5126
Affiliation recall    : 0.9015
R_AUC_ROC             : 0.6425
R_AUC_PR              : 0.3648
VUS_ROC               : 0.6350
VUS_PR                : 0.3573
Accuracy : 0.9863, Precision : 0.4037, Recall : 0.6288, F-score : 0.4917 
