


2025-03-09 11:22:23
================ Hyperparameters ===============
anormly_ratio: 1.0
batch_size: 512
d_model: 256
data_path: SWAT
dataset: SWAT
device_ids: [0, 1, 2, 3]
devices: 0,1,2,3
e_layers: 3
gpu: 0
index: 137
input_c: 51
k: 3
loss_fuc: MSE
lr: 0.0001
mode: train
model_save_path: checkpoints
n_heads: 1
num_epochs: 3
output_c: 51
patch_size: [3, 5, 7]
rec_timeseries: True
use_gpu: True
use_multi_gpu: True
win_size: 105
====================  Train  ===================
test: (449919, 51)
train: (495000, 51)
test: (449919, 51)
train: (495000, 51)
test: (449919, 51)
train: (495000, 51)
test: (449919, 51)
train: (495000, 51)
	speed: 0.7504s/iter; left time: 2100.4133s
	speed: 0.7412s/iter; left time: 2000.6046s
	speed: 0.7416s/iter; left time: 1927.2925s
	speed: 0.7421s/iter; left time: 1854.5277s
	speed: 0.7424s/iter; left time: 1781.0683s
	speed: 0.7422s/iter; left time: 1706.2803s
	speed: 0.7424s/iter; left time: 1632.5003s
	speed: 0.7423s/iter; left time: 1558.1727s
	speed: 0.7420s/iter; left time: 1483.3529s
test: (449919, 51)
train: (495000, 51)
test: (449919, 51)
train: (495000, 51)



2025-03-09 11:35:44
================ Hyperparameters ===============
anormly_ratio: 1.0
batch_size: 512
d_model: 256
data_path: SWAT
dataset: SWAT
device_ids: [0, 1, 2, 3]
devices: 0,1,2,3
e_layers: 3
gpu: 0
index: 137
input_c: 51
k: 3
loss_fuc: MSE
lr: 0.0001
mode: train
model_save_path: checkpoints
n_heads: 1
num_epochs: 3
output_c: 51
patch_size: [3, 5, 7]
rec_timeseries: True
use_gpu: True
use_multi_gpu: True
win_size: 105
====================  Train  ===================
test: (449919, 51)
train: (495000, 51)
test: (449919, 51)
train: (495000, 51)
test: (449919, 51)
train: (495000, 51)
test: (449919, 51)
train: (495000, 51)
	speed: 0.7500s/iter; left time: 2099.2552s
test: (449919, 51)
train: (495000, 51)
test: (449919, 51)
train: (495000, 51)
test: (449919, 51)
train: (495000, 51)



2025-03-09 11:38:02
================ Hyperparameters ===============
anormly_ratio: 1.0
batch_size: 128
d_model: 256
data_path: SWAT
dataset: SWAT
device_ids: [0, 1, 2, 3]
devices: 0,1,2,3
e_layers: 3
gpu: 0
index: 137
input_c: 51
k: 3
loss_fuc: MSE
lr: 0.0001
mode: train
model_save_path: checkpoints
n_heads: 1
num_epochs: 3
output_c: 51
patch_size: [3, 5, 7]
rec_timeseries: True
use_gpu: True
use_multi_gpu: True
win_size: 105
====================  Train  ===================
test: (449919, 51)
train: (495000, 51)
test: (449919, 51)
train: (495000, 51)
test: (449919, 51)
train: (495000, 51)
test: (449919, 51)
train: (495000, 51)
	speed: 0.2020s/iter; left time: 2322.3279s
	speed: 0.1940s/iter; left time: 2211.3118s
	speed: 0.1940s/iter; left time: 2191.5577s
	speed: 0.1940s/iter; left time: 2172.6606s
	speed: 0.1940s/iter; left time: 2152.7613s
	speed: 0.1939s/iter; left time: 2133.0899s
	speed: 0.1940s/iter; left time: 2114.2613s
	speed: 0.1940s/iter; left time: 2094.6034s
	speed: 0.1940s/iter; left time: 2075.3788s
	speed: 0.1939s/iter; left time: 2055.4126s
	speed: 0.1940s/iter; left time: 2037.2913s
	speed: 0.1940s/iter; left time: 2016.9595s
	speed: 0.1939s/iter; left time: 1997.1804s
	speed: 0.1941s/iter; left time: 1979.9320s
	speed: 0.1940s/iter; left time: 1958.8039s
	speed: 0.1940s/iter; left time: 1939.4387s
	speed: 0.1941s/iter; left time: 1921.8025s
	speed: 0.1940s/iter; left time: 1901.4756s
	speed: 0.1940s/iter; left time: 1881.9783s
	speed: 0.1941s/iter; left time: 1862.7645s
	speed: 0.1941s/iter; left time: 1843.8298s
	speed: 0.1942s/iter; left time: 1825.3843s
	speed: 0.1940s/iter; left time: 1804.3269s
	speed: 0.1942s/iter; left time: 1786.3178s
	speed: 0.1941s/iter; left time: 1766.1371s
	speed: 0.1942s/iter; left time: 1747.7384s
	speed: 0.1941s/iter; left time: 1727.0930s
	speed: 0.1941s/iter; left time: 1707.4986s
	speed: 0.1941s/iter; left time: 1688.7387s
	speed: 0.1941s/iter; left time: 1669.2814s
	speed: 0.1941s/iter; left time: 1649.9816s
	speed: 0.1942s/iter; left time: 1630.7271s
	speed: 0.1941s/iter; left time: 1610.5879s
	speed: 0.1940s/iter; left time: 1590.8354s
	speed: 0.1942s/iter; left time: 1572.9556s
	speed: 0.1941s/iter; left time: 1552.6875s
	speed: 0.1942s/iter; left time: 1533.7789s
	speed: 0.1941s/iter; left time: 1513.9430s
Epoch: 1, Cost time: 1022.963s 
	speed: 3.0432s/iter; left time: 23228.9280s
	speed: 0.1943s/iter; left time: 1463.5881s
	speed: 0.1942s/iter; left time: 1443.2375s
	speed: 0.1943s/iter; left time: 1424.6389s
	speed: 0.1943s/iter; left time: 1405.4683s
	speed: 0.1942s/iter; left time: 1385.0010s
	speed: 0.1942s/iter; left time: 1365.4705s
	speed: 0.1942s/iter; left time: 1346.3274s
	speed: 0.1941s/iter; left time: 1326.5594s
	speed: 0.1941s/iter; left time: 1307.1718s
	speed: 0.1942s/iter; left time: 1288.2140s
	speed: 0.1942s/iter; left time: 1268.4922s
	speed: 0.1942s/iter; left time: 1249.1671s
	speed: 0.1942s/iter; left time: 1230.1000s
	speed: 0.1943s/iter; left time: 1210.9274s
	speed: 0.1944s/iter; left time: 1192.0035s
	speed: 0.1942s/iter; left time: 1171.6485s
	speed: 0.1942s/iter; left time: 1152.3895s
	speed: 0.1942s/iter; left time: 1132.6144s
	speed: 0.1942s/iter; left time: 1113.5637s
	speed: 0.1942s/iter; left time: 1094.0270s
	speed: 0.1943s/iter; left time: 1074.8443s
	speed: 0.1943s/iter; left time: 1055.4794s
	speed: 0.1945s/iter; left time: 1037.1585s
	speed: 0.1944s/iter; left time: 1017.5278s
	speed: 0.1943s/iter; left time: 997.3313s
	speed: 0.1943s/iter; left time: 977.6704s
	speed: 0.1942s/iter; left time: 958.0503s
	speed: 0.1942s/iter; left time: 938.7929s
	speed: 0.1943s/iter; left time: 919.4057s
	speed: 0.1943s/iter; left time: 900.1371s
	speed: 0.1943s/iter; left time: 880.6931s
	speed: 0.1942s/iter; left time: 861.0531s
	speed: 0.1942s/iter; left time: 841.5425s
	speed: 0.1942s/iter; left time: 822.0647s
	speed: 0.1943s/iter; left time: 802.9134s
	speed: 0.1942s/iter; left time: 783.3154s
	speed: 0.1943s/iter; left time: 764.3426s
Epoch: 2, Cost time: 1022.993s 
	speed: 3.0439s/iter; left time: 11466.4504s
	speed: 0.1945s/iter; left time: 713.0582s
	speed: 0.1944s/iter; left time: 693.5378s
	speed: 0.1944s/iter; left time: 674.1548s
	speed: 0.1945s/iter; left time: 654.7272s
	speed: 0.1945s/iter; left time: 635.5341s
	speed: 0.1947s/iter; left time: 616.5562s
	speed: 0.1945s/iter; left time: 596.6534s
	speed: 0.1944s/iter; left time: 576.7472s
	speed: 0.1944s/iter; left time: 557.3943s
	speed: 0.1944s/iter; left time: 537.9931s
	speed: 0.1944s/iter; left time: 518.4980s
	speed: 0.1944s/iter; left time: 498.9184s
	speed: 0.1944s/iter; left time: 479.5908s
	speed: 0.1944s/iter; left time: 460.2040s
	speed: 0.1945s/iter; left time: 440.9323s
	speed: 0.1946s/iter; left time: 421.6478s
	speed: 0.1946s/iter; left time: 402.2207s
	speed: 0.1946s/iter; left time: 382.7604s
	speed: 0.1946s/iter; left time: 363.3315s
	speed: 0.1946s/iter; left time: 343.7801s
	speed: 0.1946s/iter; left time: 324.3206s
	speed: 0.1946s/iter; left time: 304.9347s
	speed: 0.1945s/iter; left time: 285.3840s
	speed: 0.1946s/iter; left time: 266.0442s
	speed: 0.1946s/iter; left time: 246.5597s
	speed: 0.1946s/iter; left time: 227.1500s
	speed: 0.1946s/iter; left time: 207.6640s
	speed: 0.1946s/iter; left time: 188.1569s
	speed: 0.1946s/iter; left time: 168.7005s
	speed: 0.1946s/iter; left time: 149.2629s
	speed: 0.1946s/iter; left time: 129.7944s
	speed: 0.1945s/iter; left time: 110.3084s
	speed: 0.1946s/iter; left time: 90.8799s
	speed: 0.1945s/iter; left time: 71.3959s
	speed: 0.1946s/iter; left time: 51.9501s
	speed: 0.1946s/iter; left time: 32.4931s
	speed: 0.1945s/iter; left time: 13.0346s
Epoch: 3, Cost time: 1025.051s 
test: (449919, 51)
train: (495000, 51)
test: (449919, 51)
train: (495000, 51)
test: (449919, 51)
train: (495000, 51)
test: (449919, 51)
train: (495000, 51)
Threshold : 0.0007831779075786471
pa_accuracy           : 0.9912
pa_precision          : 0.9313
pa_recall             : 0.9996
pa_f_score            : 0.9642
MCC_score             : nan
Affiliation precision : 0.5240
Affiliation recall    : 0.9804
R_AUC_ROC             : 0.9672
R_AUC_PR              : 0.9415
VUS_ROC               : 0.9709
VUS_PR                : 0.9448
Accuracy : 0.9912, Precision : 0.9313, Recall : 0.9996, F-score : 0.9642 
